0 info it worked if it ends with ok
1 verbose cli [ '/usr/local/bin/node', '/usr/local/bin/npm', 'install' ]
2 info using npm@2.15.1
3 info using node@v4.4.4
4 verbose readDependencies loading dependencies from /home/paige/fallon_ss/package.json
5 warn package.json fallon_ss@0.1.0 No repository field.
6 warn package.json fallon_ss@0.1.0 No README data
7 verbose install where, deps [ '/home/paige/fallon_ss', [ 'ejs', 'express' ] ]
8 verbose install where, peers [ '/home/paige/fallon_ss', [] ]
9 verbose installManyTop reading for lifecycle /home/paige/fallon_ss/package.json
10 info preinstall fallon_ss@0.1.0
11 verbose installManyTop reading scoped package data from /home/paige/fallon_ss/node_modules/accepts/package.json
12 verbose installManyTop reading scoped package data from /home/paige/fallon_ss/node_modules/acorn/package.json
13 verbose installManyTop reading scoped package data from /home/paige/fallon_ss/node_modules/acorn-globals/package.json
14 verbose installManyTop reading scoped package data from /home/paige/fallon_ss/node_modules/align-text/package.json
15 verbose installManyTop reading scoped package data from /home/paige/fallon_ss/node_modules/amdefine/package.json
16 verbose installManyTop reading scoped package data from /home/paige/fallon_ss/node_modules/array-flatten/package.json
17 verbose installManyTop reading scoped package data from /home/paige/fallon_ss/node_modules/asap/package.json
18 verbose installManyTop reading scoped package data from /home/paige/fallon_ss/node_modules/async/package.json
19 verbose installManyTop reading scoped package data from /home/paige/fallon_ss/node_modules/camelcase/package.json
20 verbose installManyTop reading scoped package data from /home/paige/fallon_ss/node_modules/center-align/package.json
21 verbose installManyTop reading scoped package data from /home/paige/fallon_ss/node_modules/character-parser/package.json
22 verbose installManyTop reading scoped package data from /home/paige/fallon_ss/node_modules/clean-css/package.json
23 verbose installManyTop reading scoped package data from /home/paige/fallon_ss/node_modules/cliui/package.json
24 verbose installManyTop reading scoped package data from /home/paige/fallon_ss/node_modules/commander/package.json
25 verbose installManyTop reading scoped package data from /home/paige/fallon_ss/node_modules/constantinople/package.json
26 verbose installManyTop reading scoped package data from /home/paige/fallon_ss/node_modules/content-disposition/package.json
27 verbose installManyTop reading scoped package data from /home/paige/fallon_ss/node_modules/content-type/package.json
28 verbose installManyTop reading scoped package data from /home/paige/fallon_ss/node_modules/cookie/package.json
29 verbose installManyTop reading scoped package data from /home/paige/fallon_ss/node_modules/cookie-signature/package.json
30 verbose installManyTop reading scoped package data from /home/paige/fallon_ss/node_modules/css/package.json
31 verbose installManyTop reading scoped package data from /home/paige/fallon_ss/node_modules/css-parse/package.json
32 verbose installManyTop reading scoped package data from /home/paige/fallon_ss/node_modules/css-stringify/package.json
33 verbose installManyTop reading scoped package data from /home/paige/fallon_ss/node_modules/debug/package.json
34 verbose installManyTop reading scoped package data from /home/paige/fallon_ss/node_modules/decamelize/package.json
35 verbose installManyTop reading scoped package data from /home/paige/fallon_ss/node_modules/depd/package.json
36 verbose installManyTop reading scoped package data from /home/paige/fallon_ss/node_modules/destroy/package.json
37 verbose installManyTop reading scoped package data from /home/paige/fallon_ss/node_modules/doctypes/package.json
38 verbose installManyTop reading scoped package data from /home/paige/fallon_ss/node_modules/ee-first/package.json
39 verbose installManyTop reading scoped package data from /home/paige/fallon_ss/node_modules/ejs/package.json
40 verbose installManyTop reading scoped package data from /home/paige/fallon_ss/node_modules/escape-html/package.json
41 verbose installManyTop reading scoped package data from /home/paige/fallon_ss/node_modules/etag/package.json
42 verbose installManyTop reading scoped package data from /home/paige/fallon_ss/node_modules/express/package.json
43 verbose installManyTop reading scoped package data from /home/paige/fallon_ss/node_modules/finalhandler/package.json
44 verbose installManyTop reading scoped package data from /home/paige/fallon_ss/node_modules/forwarded/package.json
45 verbose installManyTop reading scoped package data from /home/paige/fallon_ss/node_modules/fresh/package.json
46 verbose installManyTop reading scoped package data from /home/paige/fallon_ss/node_modules/graceful-readlink/package.json
47 verbose installManyTop reading scoped package data from /home/paige/fallon_ss/node_modules/http-errors/package.json
48 verbose installManyTop reading scoped package data from /home/paige/fallon_ss/node_modules/inherits/package.json
49 verbose installManyTop reading scoped package data from /home/paige/fallon_ss/node_modules/ipaddr.js/package.json
50 verbose installManyTop reading scoped package data from /home/paige/fallon_ss/node_modules/is-buffer/package.json
51 verbose installManyTop reading scoped package data from /home/paige/fallon_ss/node_modules/is-expression/package.json
52 verbose installManyTop reading scoped package data from /home/paige/fallon_ss/node_modules/is-promise/package.json
53 verbose installManyTop reading scoped package data from /home/paige/fallon_ss/node_modules/is-regex/package.json
54 verbose installManyTop reading scoped package data from /home/paige/fallon_ss/node_modules/jade/package.json
55 verbose installManyTop reading scoped package data from /home/paige/fallon_ss/node_modules/js-stringify/package.json
56 verbose installManyTop reading scoped package data from /home/paige/fallon_ss/node_modules/jstransformer/package.json
57 verbose installManyTop reading scoped package data from /home/paige/fallon_ss/node_modules/kind-of/package.json
58 verbose installManyTop reading scoped package data from /home/paige/fallon_ss/node_modules/lazy-cache/package.json
59 verbose installManyTop reading scoped package data from /home/paige/fallon_ss/node_modules/longest/package.json
60 verbose installManyTop reading scoped package data from /home/paige/fallon_ss/node_modules/media-typer/package.json
61 verbose installManyTop reading scoped package data from /home/paige/fallon_ss/node_modules/merge-descriptors/package.json
62 verbose installManyTop reading scoped package data from /home/paige/fallon_ss/node_modules/methods/package.json
63 verbose installManyTop reading scoped package data from /home/paige/fallon_ss/node_modules/mime/package.json
64 verbose installManyTop reading scoped package data from /home/paige/fallon_ss/node_modules/mime-db/package.json
65 verbose installManyTop reading scoped package data from /home/paige/fallon_ss/node_modules/mime-types/package.json
66 verbose installManyTop reading scoped package data from /home/paige/fallon_ss/node_modules/minimist/package.json
67 verbose installManyTop reading scoped package data from /home/paige/fallon_ss/node_modules/mkdirp/package.json
68 verbose installManyTop reading scoped package data from /home/paige/fallon_ss/node_modules/ms/package.json
69 verbose installManyTop reading scoped package data from /home/paige/fallon_ss/node_modules/negotiator/package.json
70 verbose installManyTop reading scoped package data from /home/paige/fallon_ss/node_modules/object-assign/package.json
71 verbose installManyTop reading scoped package data from /home/paige/fallon_ss/node_modules/on-finished/package.json
72 verbose installManyTop reading scoped package data from /home/paige/fallon_ss/node_modules/optimist/package.json
73 verbose installManyTop reading scoped package data from /home/paige/fallon_ss/node_modules/parseurl/package.json
74 verbose installManyTop reading scoped package data from /home/paige/fallon_ss/node_modules/path-to-regexp/package.json
75 verbose installManyTop reading scoped package data from /home/paige/fallon_ss/node_modules/promise/package.json
76 verbose installManyTop reading scoped package data from /home/paige/fallon_ss/node_modules/proxy-addr/package.json
77 verbose installManyTop reading scoped package data from /home/paige/fallon_ss/node_modules/pug/package.json
78 verbose installManyTop reading scoped package data from /home/paige/fallon_ss/node_modules/pug-attrs/package.json
79 verbose installManyTop reading scoped package data from /home/paige/fallon_ss/node_modules/pug-code-gen/package.json
80 verbose installManyTop reading scoped package data from /home/paige/fallon_ss/node_modules/pug-error/package.json
81 verbose installManyTop reading scoped package data from /home/paige/fallon_ss/node_modules/pug-filters/package.json
82 verbose installManyTop reading scoped package data from /home/paige/fallon_ss/node_modules/pug-lexer/package.json
83 verbose installManyTop reading scoped package data from /home/paige/fallon_ss/node_modules/pug-linker/package.json
84 verbose installManyTop reading scoped package data from /home/paige/fallon_ss/node_modules/pug-loader/package.json
85 verbose installManyTop reading scoped package data from /home/paige/fallon_ss/node_modules/pug-parser/package.json
86 verbose installManyTop reading scoped package data from /home/paige/fallon_ss/node_modules/pug-runtime/package.json
87 verbose installManyTop reading scoped package data from /home/paige/fallon_ss/node_modules/pug-strip-comments/package.json
88 verbose installManyTop reading scoped package data from /home/paige/fallon_ss/node_modules/pug-walk/package.json
89 verbose installManyTop reading scoped package data from /home/paige/fallon_ss/node_modules/qs/package.json
90 verbose installManyTop reading scoped package data from /home/paige/fallon_ss/node_modules/range-parser/package.json
91 verbose installManyTop reading scoped package data from /home/paige/fallon_ss/node_modules/repeat-string/package.json
92 verbose installManyTop reading scoped package data from /home/paige/fallon_ss/node_modules/resolve/package.json
93 verbose installManyTop reading scoped package data from /home/paige/fallon_ss/node_modules/right-align/package.json
94 verbose installManyTop reading scoped package data from /home/paige/fallon_ss/node_modules/send/package.json
95 verbose installManyTop reading scoped package data from /home/paige/fallon_ss/node_modules/serve-static/package.json
96 verbose installManyTop reading scoped package data from /home/paige/fallon_ss/node_modules/source-map/package.json
97 verbose installManyTop reading scoped package data from /home/paige/fallon_ss/node_modules/statuses/package.json
98 verbose installManyTop reading scoped package data from /home/paige/fallon_ss/node_modules/token-stream/package.json
99 verbose installManyTop reading scoped package data from /home/paige/fallon_ss/node_modules/transformers/package.json
100 verbose installManyTop reading scoped package data from /home/paige/fallon_ss/node_modules/type-is/package.json
101 verbose installManyTop reading scoped package data from /home/paige/fallon_ss/node_modules/uglify-js/package.json
102 verbose installManyTop reading scoped package data from /home/paige/fallon_ss/node_modules/uglify-to-browserify/package.json
103 verbose installManyTop reading scoped package data from /home/paige/fallon_ss/node_modules/unpipe/package.json
104 verbose installManyTop reading scoped package data from /home/paige/fallon_ss/node_modules/utils-merge/package.json
105 verbose installManyTop reading scoped package data from /home/paige/fallon_ss/node_modules/vary/package.json
106 verbose installManyTop reading scoped package data from /home/paige/fallon_ss/node_modules/void-elements/package.json
107 verbose installManyTop reading scoped package data from /home/paige/fallon_ss/node_modules/window-size/package.json
108 verbose installManyTop reading scoped package data from /home/paige/fallon_ss/node_modules/with/package.json
109 verbose installManyTop reading scoped package data from /home/paige/fallon_ss/node_modules/wordwrap/package.json
110 verbose installManyTop reading scoped package data from /home/paige/fallon_ss/node_modules/yargs/package.json
111 info package.json asap@1.0.0 No repository field.
112 info package.json asap@1.0.0 No license field.
113 info package.json async@0.2.10 No license field.
114 info package.json css-stringify@1.0.5 No repository field.
115 info package.json css-stringify@1.0.5 No license field.
116 info package.json css@1.0.8 No repository field.
117 info package.json css@1.0.8 No license field.
118 info package.json css-parse@1.0.4 No repository field.
119 info package.json css-parse@1.0.4 No license field.
120 info package.json longest@1.0.1 license should be a valid SPDX license expression
121 info package.json mime@1.3.4 No license field.
122 info package.json ms@0.7.1 No license field.
123 info package.json optimist@0.3.7 license should be a valid SPDX license expression
124 info package.json utils-merge@1.0.0 No license field.
125 info package.json window-size@0.1.0 No license field.
126 verbose readDependencies loading dependencies from /home/paige/fallon_ss/package.json
127 verbose targetResolver reading package data from /home/paige/fallon_ss/node_modules/accepts/package.json
128 verbose targetResolver reading package data from /home/paige/fallon_ss/node_modules/acorn/package.json
129 verbose targetResolver reading package data from /home/paige/fallon_ss/node_modules/acorn-globals/package.json
130 verbose targetResolver reading package data from /home/paige/fallon_ss/node_modules/align-text/package.json
131 verbose targetResolver reading package data from /home/paige/fallon_ss/node_modules/amdefine/package.json
132 verbose targetResolver reading package data from /home/paige/fallon_ss/node_modules/array-flatten/package.json
133 verbose targetResolver reading package data from /home/paige/fallon_ss/node_modules/asap/package.json
134 verbose targetResolver reading package data from /home/paige/fallon_ss/node_modules/async/package.json
135 verbose targetResolver reading package data from /home/paige/fallon_ss/node_modules/camelcase/package.json
136 verbose targetResolver reading package data from /home/paige/fallon_ss/node_modules/center-align/package.json
137 verbose targetResolver reading package data from /home/paige/fallon_ss/node_modules/character-parser/package.json
138 verbose targetResolver reading package data from /home/paige/fallon_ss/node_modules/clean-css/package.json
139 verbose targetResolver reading package data from /home/paige/fallon_ss/node_modules/cliui/package.json
140 verbose targetResolver reading package data from /home/paige/fallon_ss/node_modules/commander/package.json
141 verbose targetResolver reading package data from /home/paige/fallon_ss/node_modules/constantinople/package.json
142 verbose targetResolver reading package data from /home/paige/fallon_ss/node_modules/content-disposition/package.json
143 verbose targetResolver reading package data from /home/paige/fallon_ss/node_modules/content-type/package.json
144 verbose targetResolver reading package data from /home/paige/fallon_ss/node_modules/cookie/package.json
145 verbose targetResolver reading package data from /home/paige/fallon_ss/node_modules/cookie-signature/package.json
146 verbose targetResolver reading package data from /home/paige/fallon_ss/node_modules/css/package.json
147 verbose targetResolver reading package data from /home/paige/fallon_ss/node_modules/css-parse/package.json
148 verbose targetResolver reading package data from /home/paige/fallon_ss/node_modules/css-stringify/package.json
149 verbose targetResolver reading package data from /home/paige/fallon_ss/node_modules/debug/package.json
150 verbose targetResolver reading package data from /home/paige/fallon_ss/node_modules/decamelize/package.json
151 verbose targetResolver reading package data from /home/paige/fallon_ss/node_modules/depd/package.json
152 verbose targetResolver reading package data from /home/paige/fallon_ss/node_modules/destroy/package.json
153 verbose targetResolver reading package data from /home/paige/fallon_ss/node_modules/doctypes/package.json
154 verbose targetResolver reading package data from /home/paige/fallon_ss/node_modules/ee-first/package.json
155 verbose targetResolver reading package data from /home/paige/fallon_ss/node_modules/ejs/package.json
156 verbose targetResolver reading package data from /home/paige/fallon_ss/node_modules/escape-html/package.json
157 verbose targetResolver reading package data from /home/paige/fallon_ss/node_modules/etag/package.json
158 verbose targetResolver reading package data from /home/paige/fallon_ss/node_modules/express/package.json
159 verbose targetResolver reading package data from /home/paige/fallon_ss/node_modules/finalhandler/package.json
160 verbose targetResolver reading package data from /home/paige/fallon_ss/node_modules/forwarded/package.json
161 verbose targetResolver reading package data from /home/paige/fallon_ss/node_modules/fresh/package.json
162 verbose targetResolver reading package data from /home/paige/fallon_ss/node_modules/graceful-readlink/package.json
163 verbose targetResolver reading package data from /home/paige/fallon_ss/node_modules/http-errors/package.json
164 verbose targetResolver reading package data from /home/paige/fallon_ss/node_modules/inherits/package.json
165 verbose targetResolver reading package data from /home/paige/fallon_ss/node_modules/ipaddr.js/package.json
166 verbose targetResolver reading package data from /home/paige/fallon_ss/node_modules/is-buffer/package.json
167 verbose targetResolver reading package data from /home/paige/fallon_ss/node_modules/is-expression/package.json
168 verbose targetResolver reading package data from /home/paige/fallon_ss/node_modules/is-promise/package.json
169 verbose targetResolver reading package data from /home/paige/fallon_ss/node_modules/is-regex/package.json
170 verbose targetResolver reading package data from /home/paige/fallon_ss/node_modules/jade/package.json
171 verbose targetResolver reading package data from /home/paige/fallon_ss/node_modules/js-stringify/package.json
172 verbose targetResolver reading package data from /home/paige/fallon_ss/node_modules/jstransformer/package.json
173 verbose targetResolver reading package data from /home/paige/fallon_ss/node_modules/kind-of/package.json
174 verbose targetResolver reading package data from /home/paige/fallon_ss/node_modules/lazy-cache/package.json
175 verbose targetResolver reading package data from /home/paige/fallon_ss/node_modules/longest/package.json
176 verbose targetResolver reading package data from /home/paige/fallon_ss/node_modules/media-typer/package.json
177 verbose targetResolver reading package data from /home/paige/fallon_ss/node_modules/merge-descriptors/package.json
178 verbose targetResolver reading package data from /home/paige/fallon_ss/node_modules/methods/package.json
179 verbose targetResolver reading package data from /home/paige/fallon_ss/node_modules/mime/package.json
180 verbose targetResolver reading package data from /home/paige/fallon_ss/node_modules/mime-db/package.json
181 verbose targetResolver reading package data from /home/paige/fallon_ss/node_modules/mime-types/package.json
182 verbose targetResolver reading package data from /home/paige/fallon_ss/node_modules/minimist/package.json
183 verbose targetResolver reading package data from /home/paige/fallon_ss/node_modules/mkdirp/package.json
184 verbose targetResolver reading package data from /home/paige/fallon_ss/node_modules/ms/package.json
185 verbose targetResolver reading package data from /home/paige/fallon_ss/node_modules/negotiator/package.json
186 verbose targetResolver reading package data from /home/paige/fallon_ss/node_modules/object-assign/package.json
187 verbose targetResolver reading package data from /home/paige/fallon_ss/node_modules/on-finished/package.json
188 verbose targetResolver reading package data from /home/paige/fallon_ss/node_modules/optimist/package.json
189 verbose targetResolver reading package data from /home/paige/fallon_ss/node_modules/parseurl/package.json
190 verbose targetResolver reading package data from /home/paige/fallon_ss/node_modules/path-to-regexp/package.json
191 verbose targetResolver reading package data from /home/paige/fallon_ss/node_modules/promise/package.json
192 verbose targetResolver reading package data from /home/paige/fallon_ss/node_modules/proxy-addr/package.json
193 verbose targetResolver reading package data from /home/paige/fallon_ss/node_modules/pug/package.json
194 verbose targetResolver reading package data from /home/paige/fallon_ss/node_modules/pug-attrs/package.json
195 verbose targetResolver reading package data from /home/paige/fallon_ss/node_modules/pug-code-gen/package.json
196 verbose targetResolver reading package data from /home/paige/fallon_ss/node_modules/pug-error/package.json
197 verbose targetResolver reading package data from /home/paige/fallon_ss/node_modules/pug-filters/package.json
198 verbose targetResolver reading package data from /home/paige/fallon_ss/node_modules/pug-lexer/package.json
199 verbose targetResolver reading package data from /home/paige/fallon_ss/node_modules/pug-linker/package.json
200 verbose targetResolver reading package data from /home/paige/fallon_ss/node_modules/pug-loader/package.json
201 verbose targetResolver reading package data from /home/paige/fallon_ss/node_modules/pug-parser/package.json
202 verbose targetResolver reading package data from /home/paige/fallon_ss/node_modules/pug-runtime/package.json
203 verbose targetResolver reading package data from /home/paige/fallon_ss/node_modules/pug-strip-comments/package.json
204 verbose targetResolver reading package data from /home/paige/fallon_ss/node_modules/pug-walk/package.json
205 verbose targetResolver reading package data from /home/paige/fallon_ss/node_modules/qs/package.json
206 verbose targetResolver reading package data from /home/paige/fallon_ss/node_modules/range-parser/package.json
207 verbose targetResolver reading package data from /home/paige/fallon_ss/node_modules/repeat-string/package.json
208 verbose targetResolver reading package data from /home/paige/fallon_ss/node_modules/resolve/package.json
209 verbose targetResolver reading package data from /home/paige/fallon_ss/node_modules/right-align/package.json
210 verbose targetResolver reading package data from /home/paige/fallon_ss/node_modules/send/package.json
211 verbose targetResolver reading package data from /home/paige/fallon_ss/node_modules/serve-static/package.json
212 verbose targetResolver reading package data from /home/paige/fallon_ss/node_modules/source-map/package.json
213 verbose targetResolver reading package data from /home/paige/fallon_ss/node_modules/statuses/package.json
214 verbose targetResolver reading package data from /home/paige/fallon_ss/node_modules/token-stream/package.json
215 verbose targetResolver reading package data from /home/paige/fallon_ss/node_modules/transformers/package.json
216 verbose targetResolver reading package data from /home/paige/fallon_ss/node_modules/type-is/package.json
217 verbose targetResolver reading package data from /home/paige/fallon_ss/node_modules/uglify-js/package.json
218 verbose targetResolver reading package data from /home/paige/fallon_ss/node_modules/uglify-to-browserify/package.json
219 verbose targetResolver reading package data from /home/paige/fallon_ss/node_modules/unpipe/package.json
220 verbose targetResolver reading package data from /home/paige/fallon_ss/node_modules/utils-merge/package.json
221 verbose targetResolver reading package data from /home/paige/fallon_ss/node_modules/vary/package.json
222 verbose targetResolver reading package data from /home/paige/fallon_ss/node_modules/void-elements/package.json
223 verbose targetResolver reading package data from /home/paige/fallon_ss/node_modules/window-size/package.json
224 verbose targetResolver reading package data from /home/paige/fallon_ss/node_modules/with/package.json
225 verbose targetResolver reading package data from /home/paige/fallon_ss/node_modules/wordwrap/package.json
226 verbose targetResolver reading package data from /home/paige/fallon_ss/node_modules/yargs/package.json
227 verbose targetResolver reading package data from /home/paige/fallon_ss/node_modules/.bin/acorn/package.json
228 verbose targetResolver reading package data from /home/paige/fallon_ss/node_modules/.bin/cleancss/package.json
229 verbose targetResolver reading package data from /home/paige/fallon_ss/node_modules/.bin/jade/package.json
230 verbose targetResolver reading package data from /home/paige/fallon_ss/node_modules/.bin/mime/package.json
231 verbose targetResolver reading package data from /home/paige/fallon_ss/node_modules/.bin/mkdirp/package.json
232 verbose targetResolver reading package data from /home/paige/fallon_ss/node_modules/.bin/uglifyjs/package.json
233 verbose already installed skipping ejs@^2.4.1 /home/paige/fallon_ss
234 verbose already installed skipping express@^4.13.4 /home/paige/fallon_ss
235 silly install resolved []
236 info build /home/paige/fallon_ss
237 info linkStuff fallon_ss@0.1.0
238 silly linkStuff fallon_ss@0.1.0 has /home/paige as its parent node_modules
239 verbose linkBins fallon_ss@0.1.0
240 verbose linkMans fallon_ss@0.1.0
241 verbose rebuildBundles fallon_ss@0.1.0
242 verbose rebuildBundles [ '.bin',
242 verbose rebuildBundles   'accepts',
242 verbose rebuildBundles   'acorn',
242 verbose rebuildBundles   'acorn-globals',
242 verbose rebuildBundles   'align-text',
242 verbose rebuildBundles   'amdefine',
242 verbose rebuildBundles   'array-flatten',
242 verbose rebuildBundles   'asap',
242 verbose rebuildBundles   'async',
242 verbose rebuildBundles   'camelcase',
242 verbose rebuildBundles   'center-align',
242 verbose rebuildBundles   'character-parser',
242 verbose rebuildBundles   'clean-css',
242 verbose rebuildBundles   'cliui',
242 verbose rebuildBundles   'commander',
242 verbose rebuildBundles   'constantinople',
242 verbose rebuildBundles   'content-disposition',
242 verbose rebuildBundles   'content-type',
242 verbose rebuildBundles   'cookie',
242 verbose rebuildBundles   'cookie-signature',
242 verbose rebuildBundles   'css',
242 verbose rebuildBundles   'css-parse',
242 verbose rebuildBundles   'css-stringify',
242 verbose rebuildBundles   'debug',
242 verbose rebuildBundles   'decamelize',
242 verbose rebuildBundles   'depd',
242 verbose rebuildBundles   'destroy',
242 verbose rebuildBundles   'doctypes',
242 verbose rebuildBundles   'ee-first',
242 verbose rebuildBundles   'ejs',
242 verbose rebuildBundles   'escape-html',
242 verbose rebuildBundles   'etag',
242 verbose rebuildBundles   'express',
242 verbose rebuildBundles   'finalhandler',
242 verbose rebuildBundles   'forwarded',
242 verbose rebuildBundles   'fresh',
242 verbose rebuildBundles   'graceful-readlink',
242 verbose rebuildBundles   'http-errors',
242 verbose rebuildBundles   'inherits',
242 verbose rebuildBundles   'ipaddr.js',
242 verbose rebuildBundles   'is-buffer',
242 verbose rebuildBundles   'is-expression',
242 verbose rebuildBundles   'is-promise',
242 verbose rebuildBundles   'is-regex',
242 verbose rebuildBundles   'jade',
242 verbose rebuildBundles   'js-stringify',
242 verbose rebuildBundles   'jstransformer',
242 verbose rebuildBundles   'kind-of',
242 verbose rebuildBundles   'lazy-cache',
242 verbose rebuildBundles   'longest',
242 verbose rebuildBundles   'media-typer',
242 verbose rebuildBundles   'merge-descriptors',
242 verbose rebuildBundles   'methods',
242 verbose rebuildBundles   'mime',
242 verbose rebuildBundles   'mime-db',
242 verbose rebuildBundles   'mime-types',
242 verbose rebuildBundles   'minimist',
242 verbose rebuildBundles   'mkdirp',
242 verbose rebuildBundles   'ms',
242 verbose rebuildBundles   'negotiator',
242 verbose rebuildBundles   'object-assign',
242 verbose rebuildBundles   'on-finished',
242 verbose rebuildBundles   'optimist',
242 verbose rebuildBundles   'parseurl',
242 verbose rebuildBundles   'path-to-regexp',
242 verbose rebuildBundles   'promise',
242 verbose rebuildBundles   'proxy-addr',
242 verbose rebuildBundles   'pug',
242 verbose rebuildBundles   'pug-attrs',
242 verbose rebuildBundles   'pug-code-gen',
242 verbose rebuildBundles   'pug-error',
242 verbose rebuildBundles   'pug-filters',
242 verbose rebuildBundles   'pug-lexer',
242 verbose rebuildBundles   'pug-linker',
242 verbose rebuildBundles   'pug-loader',
242 verbose rebuildBundles   'pug-parser',
242 verbose rebuildBundles   'pug-runtime',
242 verbose rebuildBundles   'pug-strip-comments',
242 verbose rebuildBundles   'pug-walk',
242 verbose rebuildBundles   'qs',
242 verbose rebuildBundles   'range-parser',
242 verbose rebuildBundles   'repeat-string',
242 verbose rebuildBundles   'resolve',
242 verbose rebuildBundles   'right-align',
242 verbose rebuildBundles   'send',
242 verbose rebuildBundles   'serve-static',
242 verbose rebuildBundles   'source-map',
242 verbose rebuildBundles   'statuses',
242 verbose rebuildBundles   'token-stream',
242 verbose rebuildBundles   'transformers',
242 verbose rebuildBundles   'type-is',
242 verbose rebuildBundles   'uglify-js',
242 verbose rebuildBundles   'uglify-to-browserify',
242 verbose rebuildBundles   'unpipe',
242 verbose rebuildBundles   'utils-merge',
242 verbose rebuildBundles   'vary',
242 verbose rebuildBundles   'void-elements',
242 verbose rebuildBundles   'window-size',
242 verbose rebuildBundles   'with',
242 verbose rebuildBundles   'wordwrap',
242 verbose rebuildBundles   'yargs' ]
243 verbose rebuild bundle /home/paige/fallon_ss/node_modules/accepts
244 info build /home/paige/fallon_ss/node_modules/accepts
245 info preinstall accepts@1.2.13
246 info linkStuff accepts@1.2.13
247 silly linkStuff accepts@1.2.13 has /home/paige/fallon_ss/node_modules as its parent node_modules
248 verbose linkBins accepts@1.2.13
249 verbose linkMans accepts@1.2.13
250 verbose rebuildBundles accepts@1.2.13
251 info install accepts@1.2.13
252 info postinstall accepts@1.2.13
253 verbose rebuild bundle /home/paige/fallon_ss/node_modules/acorn
254 info build /home/paige/fallon_ss/node_modules/acorn
255 info preinstall acorn@2.7.0
256 info linkStuff acorn@2.7.0
257 silly linkStuff acorn@2.7.0 has /home/paige/fallon_ss/node_modules as its parent node_modules
258 verbose linkBins acorn@2.7.0
259 verbose link bins [ { acorn: './bin/acorn' },
259 verbose link bins   '/home/paige/fallon_ss/node_modules/.bin',
259 verbose link bins   false ]
260 verbose linkMans acorn@2.7.0
261 verbose rebuildBundles acorn@2.7.0
262 silly gentlyRm /home/paige/fallon_ss/node_modules/.bin/acorn is being purged
263 verbose gentlyRm don't care about contents; nuking /home/paige/fallon_ss/node_modules/.bin/acorn
264 silly vacuum-fs purging /home/paige/fallon_ss/node_modules/.bin/acorn
265 silly vacuum-fs quitting because other entries in /home/paige/fallon_ss/node_modules/.bin
266 info install acorn@2.7.0
267 info postinstall acorn@2.7.0
268 verbose rebuild bundle /home/paige/fallon_ss/node_modules/acorn-globals
269 info build /home/paige/fallon_ss/node_modules/acorn-globals
270 info preinstall acorn-globals@1.0.9
271 info linkStuff acorn-globals@1.0.9
272 silly linkStuff acorn-globals@1.0.9 has /home/paige/fallon_ss/node_modules as its parent node_modules
273 verbose linkBins acorn-globals@1.0.9
274 verbose linkMans acorn-globals@1.0.9
275 verbose rebuildBundles acorn-globals@1.0.9
276 info install acorn-globals@1.0.9
277 info postinstall acorn-globals@1.0.9
278 verbose rebuild bundle /home/paige/fallon_ss/node_modules/align-text
279 info build /home/paige/fallon_ss/node_modules/align-text
280 info preinstall align-text@0.1.4
281 info linkStuff align-text@0.1.4
282 silly linkStuff align-text@0.1.4 has /home/paige/fallon_ss/node_modules as its parent node_modules
283 verbose linkBins align-text@0.1.4
284 verbose linkMans align-text@0.1.4
285 verbose rebuildBundles align-text@0.1.4
286 info install align-text@0.1.4
287 info postinstall align-text@0.1.4
288 verbose rebuild bundle /home/paige/fallon_ss/node_modules/amdefine
289 info build /home/paige/fallon_ss/node_modules/amdefine
290 info preinstall amdefine@1.0.0
291 info linkStuff amdefine@1.0.0
292 silly linkStuff amdefine@1.0.0 has /home/paige/fallon_ss/node_modules as its parent node_modules
293 verbose linkBins amdefine@1.0.0
294 verbose linkMans amdefine@1.0.0
295 verbose rebuildBundles amdefine@1.0.0
296 info install amdefine@1.0.0
297 info postinstall amdefine@1.0.0
298 verbose rebuild bundle /home/paige/fallon_ss/node_modules/array-flatten
299 info build /home/paige/fallon_ss/node_modules/array-flatten
300 info preinstall array-flatten@1.1.1
301 info linkStuff array-flatten@1.1.1
302 silly linkStuff array-flatten@1.1.1 has /home/paige/fallon_ss/node_modules as its parent node_modules
303 verbose linkBins array-flatten@1.1.1
304 verbose linkMans array-flatten@1.1.1
305 verbose rebuildBundles array-flatten@1.1.1
306 info install array-flatten@1.1.1
307 info postinstall array-flatten@1.1.1
308 verbose rebuild bundle /home/paige/fallon_ss/node_modules/asap
309 info build /home/paige/fallon_ss/node_modules/asap
310 info preinstall asap@1.0.0
311 info linkStuff asap@1.0.0
312 silly linkStuff asap@1.0.0 has /home/paige/fallon_ss/node_modules as its parent node_modules
313 verbose linkBins asap@1.0.0
314 verbose linkMans asap@1.0.0
315 verbose rebuildBundles asap@1.0.0
316 info install asap@1.0.0
317 info postinstall asap@1.0.0
318 verbose rebuild bundle /home/paige/fallon_ss/node_modules/async
319 info build /home/paige/fallon_ss/node_modules/async
320 info preinstall async@0.2.10
321 info linkStuff async@0.2.10
322 silly linkStuff async@0.2.10 has /home/paige/fallon_ss/node_modules as its parent node_modules
323 verbose linkBins async@0.2.10
324 verbose linkMans async@0.2.10
325 verbose rebuildBundles async@0.2.10
326 info install async@0.2.10
327 info postinstall async@0.2.10
328 verbose rebuild bundle /home/paige/fallon_ss/node_modules/camelcase
329 info build /home/paige/fallon_ss/node_modules/camelcase
330 info preinstall camelcase@1.2.1
331 info linkStuff camelcase@1.2.1
332 silly linkStuff camelcase@1.2.1 has /home/paige/fallon_ss/node_modules as its parent node_modules
333 verbose linkBins camelcase@1.2.1
334 verbose linkMans camelcase@1.2.1
335 verbose rebuildBundles camelcase@1.2.1
336 info install camelcase@1.2.1
337 info postinstall camelcase@1.2.1
338 verbose rebuild bundle /home/paige/fallon_ss/node_modules/center-align
339 info build /home/paige/fallon_ss/node_modules/center-align
340 info preinstall center-align@0.1.3
341 info linkStuff center-align@0.1.3
342 silly linkStuff center-align@0.1.3 has /home/paige/fallon_ss/node_modules as its parent node_modules
343 verbose linkBins center-align@0.1.3
344 verbose linkMans center-align@0.1.3
345 verbose rebuildBundles center-align@0.1.3
346 info install center-align@0.1.3
347 info postinstall center-align@0.1.3
348 verbose rebuild bundle /home/paige/fallon_ss/node_modules/character-parser
349 info build /home/paige/fallon_ss/node_modules/character-parser
350 info preinstall character-parser@1.2.1
351 info linkStuff character-parser@1.2.1
352 silly linkStuff character-parser@1.2.1 has /home/paige/fallon_ss/node_modules as its parent node_modules
353 verbose linkBins character-parser@1.2.1
354 verbose linkMans character-parser@1.2.1
355 verbose rebuildBundles character-parser@1.2.1
356 info install character-parser@1.2.1
357 info postinstall character-parser@1.2.1
358 verbose rebuild bundle /home/paige/fallon_ss/node_modules/clean-css
359 info build /home/paige/fallon_ss/node_modules/clean-css
360 info preinstall clean-css@3.4.12
361 info linkStuff clean-css@3.4.12
362 silly linkStuff clean-css@3.4.12 has /home/paige/fallon_ss/node_modules as its parent node_modules
363 verbose linkBins clean-css@3.4.12
364 verbose link bins [ { cleancss: './bin/cleancss' },
364 verbose link bins   '/home/paige/fallon_ss/node_modules/.bin',
364 verbose link bins   false ]
365 verbose linkMans clean-css@3.4.12
366 verbose rebuildBundles clean-css@3.4.12
367 verbose rebuildBundles [ 'commander' ]
368 silly gentlyRm /home/paige/fallon_ss/node_modules/.bin/cleancss is being purged
369 verbose gentlyRm don't care about contents; nuking /home/paige/fallon_ss/node_modules/.bin/cleancss
370 silly vacuum-fs purging /home/paige/fallon_ss/node_modules/.bin/cleancss
371 silly vacuum-fs quitting because other entries in /home/paige/fallon_ss/node_modules/.bin
372 info install clean-css@3.4.12
373 info postinstall clean-css@3.4.12
374 verbose rebuild bundle /home/paige/fallon_ss/node_modules/cliui
375 info build /home/paige/fallon_ss/node_modules/cliui
376 info preinstall cliui@2.1.0
377 info linkStuff cliui@2.1.0
378 silly linkStuff cliui@2.1.0 has /home/paige/fallon_ss/node_modules as its parent node_modules
379 verbose linkBins cliui@2.1.0
380 verbose linkMans cliui@2.1.0
381 verbose rebuildBundles cliui@2.1.0
382 verbose rebuildBundles [ 'wordwrap' ]
383 info install cliui@2.1.0
384 info postinstall cliui@2.1.0
385 verbose rebuild bundle /home/paige/fallon_ss/node_modules/commander
386 info build /home/paige/fallon_ss/node_modules/commander
387 info preinstall commander@2.6.0
388 info linkStuff commander@2.6.0
389 silly linkStuff commander@2.6.0 has /home/paige/fallon_ss/node_modules as its parent node_modules
390 verbose linkBins commander@2.6.0
391 verbose linkMans commander@2.6.0
392 verbose rebuildBundles commander@2.6.0
393 info install commander@2.6.0
394 info postinstall commander@2.6.0
395 verbose rebuild bundle /home/paige/fallon_ss/node_modules/constantinople
396 info build /home/paige/fallon_ss/node_modules/constantinople
397 info preinstall constantinople@3.0.2
398 info linkStuff constantinople@3.0.2
399 silly linkStuff constantinople@3.0.2 has /home/paige/fallon_ss/node_modules as its parent node_modules
400 verbose linkBins constantinople@3.0.2
401 verbose linkMans constantinople@3.0.2
402 verbose rebuildBundles constantinople@3.0.2
403 info install constantinople@3.0.2
404 info postinstall constantinople@3.0.2
405 verbose rebuild bundle /home/paige/fallon_ss/node_modules/content-disposition
406 info build /home/paige/fallon_ss/node_modules/content-disposition
407 info preinstall content-disposition@0.5.1
408 info linkStuff content-disposition@0.5.1
409 silly linkStuff content-disposition@0.5.1 has /home/paige/fallon_ss/node_modules as its parent node_modules
410 verbose linkBins content-disposition@0.5.1
411 verbose linkMans content-disposition@0.5.1
412 verbose rebuildBundles content-disposition@0.5.1
413 info install content-disposition@0.5.1
414 info postinstall content-disposition@0.5.1
415 verbose rebuild bundle /home/paige/fallon_ss/node_modules/content-type
416 info build /home/paige/fallon_ss/node_modules/content-type
417 info preinstall content-type@1.0.1
418 info linkStuff content-type@1.0.1
419 silly linkStuff content-type@1.0.1 has /home/paige/fallon_ss/node_modules as its parent node_modules
420 verbose linkBins content-type@1.0.1
421 verbose linkMans content-type@1.0.1
422 verbose rebuildBundles content-type@1.0.1
423 info install content-type@1.0.1
424 info postinstall content-type@1.0.1
425 verbose rebuild bundle /home/paige/fallon_ss/node_modules/cookie
426 info build /home/paige/fallon_ss/node_modules/cookie
427 info preinstall cookie@0.1.5
428 info linkStuff cookie@0.1.5
429 silly linkStuff cookie@0.1.5 has /home/paige/fallon_ss/node_modules as its parent node_modules
430 verbose linkBins cookie@0.1.5
431 verbose linkMans cookie@0.1.5
432 verbose rebuildBundles cookie@0.1.5
433 info install cookie@0.1.5
434 info postinstall cookie@0.1.5
435 verbose rebuild bundle /home/paige/fallon_ss/node_modules/cookie-signature
436 info build /home/paige/fallon_ss/node_modules/cookie-signature
437 info preinstall cookie-signature@1.0.6
438 info linkStuff cookie-signature@1.0.6
439 silly linkStuff cookie-signature@1.0.6 has /home/paige/fallon_ss/node_modules as its parent node_modules
440 verbose linkBins cookie-signature@1.0.6
441 verbose linkMans cookie-signature@1.0.6
442 verbose rebuildBundles cookie-signature@1.0.6
443 info install cookie-signature@1.0.6
444 info postinstall cookie-signature@1.0.6
445 verbose rebuild bundle /home/paige/fallon_ss/node_modules/css
446 info build /home/paige/fallon_ss/node_modules/css
447 info preinstall css@1.0.8
448 info linkStuff css@1.0.8
449 silly linkStuff css@1.0.8 has /home/paige/fallon_ss/node_modules as its parent node_modules
450 verbose linkBins css@1.0.8
451 verbose linkMans css@1.0.8
452 verbose rebuildBundles css@1.0.8
453 info install css@1.0.8
454 info postinstall css@1.0.8
455 verbose rebuild bundle /home/paige/fallon_ss/node_modules/css-parse
456 info build /home/paige/fallon_ss/node_modules/css-parse
457 info preinstall css-parse@1.0.4
458 info linkStuff css-parse@1.0.4
459 silly linkStuff css-parse@1.0.4 has /home/paige/fallon_ss/node_modules as its parent node_modules
460 verbose linkBins css-parse@1.0.4
461 verbose linkMans css-parse@1.0.4
462 verbose rebuildBundles css-parse@1.0.4
463 info install css-parse@1.0.4
464 info postinstall css-parse@1.0.4
465 verbose rebuild bundle /home/paige/fallon_ss/node_modules/css-stringify
466 info build /home/paige/fallon_ss/node_modules/css-stringify
467 info preinstall css-stringify@1.0.5
468 info linkStuff css-stringify@1.0.5
469 silly linkStuff css-stringify@1.0.5 has /home/paige/fallon_ss/node_modules as its parent node_modules
470 verbose linkBins css-stringify@1.0.5
471 verbose linkMans css-stringify@1.0.5
472 verbose rebuildBundles css-stringify@1.0.5
473 info install css-stringify@1.0.5
474 info postinstall css-stringify@1.0.5
475 verbose rebuild bundle /home/paige/fallon_ss/node_modules/debug
476 info build /home/paige/fallon_ss/node_modules/debug
477 info preinstall debug@2.2.0
478 info linkStuff debug@2.2.0
479 silly linkStuff debug@2.2.0 has /home/paige/fallon_ss/node_modules as its parent node_modules
480 verbose linkBins debug@2.2.0
481 verbose linkMans debug@2.2.0
482 verbose rebuildBundles debug@2.2.0
483 info install debug@2.2.0
484 info postinstall debug@2.2.0
485 verbose rebuild bundle /home/paige/fallon_ss/node_modules/decamelize
486 info build /home/paige/fallon_ss/node_modules/decamelize
487 info preinstall decamelize@1.2.0
488 info linkStuff decamelize@1.2.0
489 silly linkStuff decamelize@1.2.0 has /home/paige/fallon_ss/node_modules as its parent node_modules
490 verbose linkBins decamelize@1.2.0
491 verbose linkMans decamelize@1.2.0
492 verbose rebuildBundles decamelize@1.2.0
493 info install decamelize@1.2.0
494 info postinstall decamelize@1.2.0
495 verbose rebuild bundle /home/paige/fallon_ss/node_modules/depd
496 info build /home/paige/fallon_ss/node_modules/depd
497 info preinstall depd@1.1.0
498 info linkStuff depd@1.1.0
499 silly linkStuff depd@1.1.0 has /home/paige/fallon_ss/node_modules as its parent node_modules
500 verbose linkBins depd@1.1.0
501 verbose linkMans depd@1.1.0
502 verbose rebuildBundles depd@1.1.0
503 info install depd@1.1.0
504 info postinstall depd@1.1.0
505 verbose rebuild bundle /home/paige/fallon_ss/node_modules/destroy
506 info build /home/paige/fallon_ss/node_modules/destroy
507 info preinstall destroy@1.0.4
508 info linkStuff destroy@1.0.4
509 silly linkStuff destroy@1.0.4 has /home/paige/fallon_ss/node_modules as its parent node_modules
510 verbose linkBins destroy@1.0.4
511 verbose linkMans destroy@1.0.4
512 verbose rebuildBundles destroy@1.0.4
513 info install destroy@1.0.4
514 info postinstall destroy@1.0.4
515 verbose rebuild bundle /home/paige/fallon_ss/node_modules/doctypes
516 info build /home/paige/fallon_ss/node_modules/doctypes
517 info preinstall doctypes@1.0.0
518 info linkStuff doctypes@1.0.0
519 silly linkStuff doctypes@1.0.0 has /home/paige/fallon_ss/node_modules as its parent node_modules
520 verbose linkBins doctypes@1.0.0
521 verbose linkMans doctypes@1.0.0
522 verbose rebuildBundles doctypes@1.0.0
523 info install doctypes@1.0.0
524 info postinstall doctypes@1.0.0
525 verbose rebuild bundle /home/paige/fallon_ss/node_modules/ee-first
526 info build /home/paige/fallon_ss/node_modules/ee-first
527 info preinstall ee-first@1.1.1
528 info linkStuff ee-first@1.1.1
529 silly linkStuff ee-first@1.1.1 has /home/paige/fallon_ss/node_modules as its parent node_modules
530 verbose linkBins ee-first@1.1.1
531 verbose linkMans ee-first@1.1.1
532 verbose rebuildBundles ee-first@1.1.1
533 info install ee-first@1.1.1
534 info postinstall ee-first@1.1.1
535 verbose rebuild bundle /home/paige/fallon_ss/node_modules/escape-html
536 info build /home/paige/fallon_ss/node_modules/escape-html
537 info preinstall escape-html@1.0.3
538 info linkStuff escape-html@1.0.3
539 silly linkStuff escape-html@1.0.3 has /home/paige/fallon_ss/node_modules as its parent node_modules
540 verbose linkBins escape-html@1.0.3
541 verbose linkMans escape-html@1.0.3
542 verbose rebuildBundles escape-html@1.0.3
543 info install escape-html@1.0.3
544 info postinstall escape-html@1.0.3
545 verbose rebuild bundle /home/paige/fallon_ss/node_modules/etag
546 info build /home/paige/fallon_ss/node_modules/etag
547 info preinstall etag@1.7.0
548 info linkStuff etag@1.7.0
549 silly linkStuff etag@1.7.0 has /home/paige/fallon_ss/node_modules as its parent node_modules
550 verbose linkBins etag@1.7.0
551 verbose linkMans etag@1.7.0
552 verbose rebuildBundles etag@1.7.0
553 info install etag@1.7.0
554 info postinstall etag@1.7.0
555 verbose rebuild bundle /home/paige/fallon_ss/node_modules/finalhandler
556 info build /home/paige/fallon_ss/node_modules/finalhandler
557 info preinstall finalhandler@0.4.1
558 info linkStuff finalhandler@0.4.1
559 silly linkStuff finalhandler@0.4.1 has /home/paige/fallon_ss/node_modules as its parent node_modules
560 verbose linkBins finalhandler@0.4.1
561 verbose linkMans finalhandler@0.4.1
562 verbose rebuildBundles finalhandler@0.4.1
563 info install finalhandler@0.4.1
564 info postinstall finalhandler@0.4.1
565 verbose rebuild bundle /home/paige/fallon_ss/node_modules/forwarded
566 info build /home/paige/fallon_ss/node_modules/forwarded
567 info preinstall forwarded@0.1.0
568 info linkStuff forwarded@0.1.0
569 silly linkStuff forwarded@0.1.0 has /home/paige/fallon_ss/node_modules as its parent node_modules
570 verbose linkBins forwarded@0.1.0
571 verbose linkMans forwarded@0.1.0
572 verbose rebuildBundles forwarded@0.1.0
573 info install forwarded@0.1.0
574 info postinstall forwarded@0.1.0
575 verbose rebuild bundle /home/paige/fallon_ss/node_modules/fresh
576 info build /home/paige/fallon_ss/node_modules/fresh
577 info preinstall fresh@0.3.0
578 info linkStuff fresh@0.3.0
579 silly linkStuff fresh@0.3.0 has /home/paige/fallon_ss/node_modules as its parent node_modules
580 verbose linkBins fresh@0.3.0
581 verbose linkMans fresh@0.3.0
582 verbose rebuildBundles fresh@0.3.0
583 info install fresh@0.3.0
584 info postinstall fresh@0.3.0
585 verbose rebuild bundle /home/paige/fallon_ss/node_modules/graceful-readlink
586 info build /home/paige/fallon_ss/node_modules/graceful-readlink
587 info preinstall graceful-readlink@1.0.1
588 info linkStuff graceful-readlink@1.0.1
589 silly linkStuff graceful-readlink@1.0.1 has /home/paige/fallon_ss/node_modules as its parent node_modules
590 verbose linkBins graceful-readlink@1.0.1
591 verbose linkMans graceful-readlink@1.0.1
592 verbose rebuildBundles graceful-readlink@1.0.1
593 info install graceful-readlink@1.0.1
594 info postinstall graceful-readlink@1.0.1
595 verbose rebuild bundle /home/paige/fallon_ss/node_modules/http-errors
596 info build /home/paige/fallon_ss/node_modules/http-errors
597 info preinstall http-errors@1.3.1
598 info linkStuff http-errors@1.3.1
599 silly linkStuff http-errors@1.3.1 has /home/paige/fallon_ss/node_modules as its parent node_modules
600 verbose linkBins http-errors@1.3.1
601 verbose linkMans http-errors@1.3.1
602 verbose rebuildBundles http-errors@1.3.1
603 info install http-errors@1.3.1
604 info postinstall http-errors@1.3.1
605 verbose rebuild bundle /home/paige/fallon_ss/node_modules/inherits
606 info build /home/paige/fallon_ss/node_modules/inherits
607 info preinstall inherits@2.0.1
608 info linkStuff inherits@2.0.1
609 silly linkStuff inherits@2.0.1 has /home/paige/fallon_ss/node_modules as its parent node_modules
610 verbose linkBins inherits@2.0.1
611 verbose linkMans inherits@2.0.1
612 verbose rebuildBundles inherits@2.0.1
613 info install inherits@2.0.1
614 info postinstall inherits@2.0.1
615 verbose rebuild bundle /home/paige/fallon_ss/node_modules/ipaddr.js
616 info build /home/paige/fallon_ss/node_modules/ipaddr.js
617 info preinstall ipaddr.js@1.0.5
618 info linkStuff ipaddr.js@1.0.5
619 silly linkStuff ipaddr.js@1.0.5 has /home/paige/fallon_ss/node_modules as its parent node_modules
620 verbose linkBins ipaddr.js@1.0.5
621 verbose linkMans ipaddr.js@1.0.5
622 verbose rebuildBundles ipaddr.js@1.0.5
623 info install ipaddr.js@1.0.5
624 info postinstall ipaddr.js@1.0.5
625 verbose rebuild bundle /home/paige/fallon_ss/node_modules/is-buffer
626 info build /home/paige/fallon_ss/node_modules/is-buffer
627 info preinstall is-buffer@1.1.3
628 info linkStuff is-buffer@1.1.3
629 silly linkStuff is-buffer@1.1.3 has /home/paige/fallon_ss/node_modules as its parent node_modules
630 verbose linkBins is-buffer@1.1.3
631 verbose linkMans is-buffer@1.1.3
632 verbose rebuildBundles is-buffer@1.1.3
633 info install is-buffer@1.1.3
634 info postinstall is-buffer@1.1.3
635 verbose rebuild bundle /home/paige/fallon_ss/node_modules/is-expression
636 info build /home/paige/fallon_ss/node_modules/is-expression
637 info preinstall is-expression@2.0.0
638 info linkStuff is-expression@2.0.0
639 silly linkStuff is-expression@2.0.0 has /home/paige/fallon_ss/node_modules as its parent node_modules
640 verbose linkBins is-expression@2.0.0
641 verbose linkMans is-expression@2.0.0
642 verbose rebuildBundles is-expression@2.0.0
643 verbose rebuildBundles [ '.bin', 'acorn' ]
644 info install is-expression@2.0.0
645 info postinstall is-expression@2.0.0
646 verbose rebuild bundle /home/paige/fallon_ss/node_modules/is-promise
647 info build /home/paige/fallon_ss/node_modules/is-promise
648 info preinstall is-promise@2.1.0
649 info linkStuff is-promise@2.1.0
650 silly linkStuff is-promise@2.1.0 has /home/paige/fallon_ss/node_modules as its parent node_modules
651 verbose linkBins is-promise@2.1.0
652 verbose linkMans is-promise@2.1.0
653 verbose rebuildBundles is-promise@2.1.0
654 info install is-promise@2.1.0
655 info postinstall is-promise@2.1.0
656 verbose rebuild bundle /home/paige/fallon_ss/node_modules/is-regex
657 info build /home/paige/fallon_ss/node_modules/is-regex
658 info preinstall is-regex@1.0.3
659 info linkStuff is-regex@1.0.3
660 silly linkStuff is-regex@1.0.3 has /home/paige/fallon_ss/node_modules as its parent node_modules
661 verbose linkBins is-regex@1.0.3
662 verbose linkMans is-regex@1.0.3
663 verbose rebuildBundles is-regex@1.0.3
664 info install is-regex@1.0.3
665 info postinstall is-regex@1.0.3
666 verbose rebuild bundle /home/paige/fallon_ss/node_modules/jade
667 info build /home/paige/fallon_ss/node_modules/jade
668 info preinstall jade@1.11.0
669 info linkStuff jade@1.11.0
670 silly linkStuff jade@1.11.0 has /home/paige/fallon_ss/node_modules as its parent node_modules
671 verbose linkBins jade@1.11.0
672 verbose link bins [ { jade: './bin/jade.js' },
672 verbose link bins   '/home/paige/fallon_ss/node_modules/.bin',
672 verbose link bins   false ]
673 verbose linkMans jade@1.11.0
674 verbose rebuildBundles jade@1.11.0
675 silly gentlyRm /home/paige/fallon_ss/node_modules/.bin/jade is being purged
676 verbose gentlyRm don't care about contents; nuking /home/paige/fallon_ss/node_modules/.bin/jade
677 silly vacuum-fs purging /home/paige/fallon_ss/node_modules/.bin/jade
678 silly vacuum-fs quitting because other entries in /home/paige/fallon_ss/node_modules/.bin
679 info install jade@1.11.0
680 info postinstall jade@1.11.0
681 verbose rebuild bundle /home/paige/fallon_ss/node_modules/js-stringify
682 info build /home/paige/fallon_ss/node_modules/js-stringify
683 info preinstall js-stringify@1.0.2
684 info linkStuff js-stringify@1.0.2
685 silly linkStuff js-stringify@1.0.2 has /home/paige/fallon_ss/node_modules as its parent node_modules
686 verbose linkBins js-stringify@1.0.2
687 verbose linkMans js-stringify@1.0.2
688 verbose rebuildBundles js-stringify@1.0.2
689 info install js-stringify@1.0.2
690 info postinstall js-stringify@1.0.2
691 verbose rebuild bundle /home/paige/fallon_ss/node_modules/jstransformer
692 info build /home/paige/fallon_ss/node_modules/jstransformer
693 info preinstall jstransformer@0.0.2
694 info linkStuff jstransformer@0.0.2
695 silly linkStuff jstransformer@0.0.2 has /home/paige/fallon_ss/node_modules as its parent node_modules
696 verbose linkBins jstransformer@0.0.2
697 verbose linkMans jstransformer@0.0.2
698 verbose rebuildBundles jstransformer@0.0.2
699 info install jstransformer@0.0.2
700 info postinstall jstransformer@0.0.2
701 verbose rebuild bundle /home/paige/fallon_ss/node_modules/kind-of
702 info build /home/paige/fallon_ss/node_modules/kind-of
703 info preinstall kind-of@3.0.3
704 info linkStuff kind-of@3.0.3
705 silly linkStuff kind-of@3.0.3 has /home/paige/fallon_ss/node_modules as its parent node_modules
706 verbose linkBins kind-of@3.0.3
707 verbose linkMans kind-of@3.0.3
708 verbose rebuildBundles kind-of@3.0.3
709 info install kind-of@3.0.3
710 info postinstall kind-of@3.0.3
711 verbose rebuild bundle /home/paige/fallon_ss/node_modules/lazy-cache
712 info build /home/paige/fallon_ss/node_modules/lazy-cache
713 info preinstall lazy-cache@1.0.4
714 info linkStuff lazy-cache@1.0.4
715 silly linkStuff lazy-cache@1.0.4 has /home/paige/fallon_ss/node_modules as its parent node_modules
716 verbose linkBins lazy-cache@1.0.4
717 verbose linkMans lazy-cache@1.0.4
718 verbose rebuildBundles lazy-cache@1.0.4
719 info install lazy-cache@1.0.4
720 info postinstall lazy-cache@1.0.4
721 verbose rebuild bundle /home/paige/fallon_ss/node_modules/longest
722 info build /home/paige/fallon_ss/node_modules/longest
723 info preinstall longest@1.0.1
724 info linkStuff longest@1.0.1
725 silly linkStuff longest@1.0.1 has /home/paige/fallon_ss/node_modules as its parent node_modules
726 verbose linkBins longest@1.0.1
727 verbose linkMans longest@1.0.1
728 verbose rebuildBundles longest@1.0.1
729 info install longest@1.0.1
730 info postinstall longest@1.0.1
731 verbose rebuild bundle /home/paige/fallon_ss/node_modules/media-typer
732 info build /home/paige/fallon_ss/node_modules/media-typer
733 info preinstall media-typer@0.3.0
734 info linkStuff media-typer@0.3.0
735 silly linkStuff media-typer@0.3.0 has /home/paige/fallon_ss/node_modules as its parent node_modules
736 verbose linkBins media-typer@0.3.0
737 verbose linkMans media-typer@0.3.0
738 verbose rebuildBundles media-typer@0.3.0
739 info install media-typer@0.3.0
740 info postinstall media-typer@0.3.0
741 verbose rebuild bundle /home/paige/fallon_ss/node_modules/merge-descriptors
742 info build /home/paige/fallon_ss/node_modules/merge-descriptors
743 info preinstall merge-descriptors@1.0.1
744 info linkStuff merge-descriptors@1.0.1
745 silly linkStuff merge-descriptors@1.0.1 has /home/paige/fallon_ss/node_modules as its parent node_modules
746 verbose linkBins merge-descriptors@1.0.1
747 verbose linkMans merge-descriptors@1.0.1
748 verbose rebuildBundles merge-descriptors@1.0.1
749 info install merge-descriptors@1.0.1
750 info postinstall merge-descriptors@1.0.1
751 verbose rebuild bundle /home/paige/fallon_ss/node_modules/methods
752 info build /home/paige/fallon_ss/node_modules/methods
753 info preinstall methods@1.1.2
754 info linkStuff methods@1.1.2
755 silly linkStuff methods@1.1.2 has /home/paige/fallon_ss/node_modules as its parent node_modules
756 verbose linkBins methods@1.1.2
757 verbose linkMans methods@1.1.2
758 verbose rebuildBundles methods@1.1.2
759 info install methods@1.1.2
760 info postinstall methods@1.1.2
761 verbose rebuild bundle /home/paige/fallon_ss/node_modules/mime
762 info build /home/paige/fallon_ss/node_modules/mime
763 info preinstall mime@1.3.4
764 info linkStuff mime@1.3.4
765 silly linkStuff mime@1.3.4 has /home/paige/fallon_ss/node_modules as its parent node_modules
766 verbose linkBins mime@1.3.4
767 verbose link bins [ { mime: 'cli.js' },
767 verbose link bins   '/home/paige/fallon_ss/node_modules/.bin',
767 verbose link bins   false ]
768 verbose linkMans mime@1.3.4
769 verbose rebuildBundles mime@1.3.4
770 silly gentlyRm /home/paige/fallon_ss/node_modules/.bin/mime is being purged
771 verbose gentlyRm don't care about contents; nuking /home/paige/fallon_ss/node_modules/.bin/mime
772 silly vacuum-fs purging /home/paige/fallon_ss/node_modules/.bin/mime
773 silly vacuum-fs quitting because other entries in /home/paige/fallon_ss/node_modules/.bin
774 info install mime@1.3.4
775 info postinstall mime@1.3.4
776 verbose rebuild bundle /home/paige/fallon_ss/node_modules/mime-db
777 info build /home/paige/fallon_ss/node_modules/mime-db
778 info preinstall mime-db@1.23.0
779 info linkStuff mime-db@1.23.0
780 silly linkStuff mime-db@1.23.0 has /home/paige/fallon_ss/node_modules as its parent node_modules
781 verbose linkBins mime-db@1.23.0
782 verbose linkMans mime-db@1.23.0
783 verbose rebuildBundles mime-db@1.23.0
784 info install mime-db@1.23.0
785 info postinstall mime-db@1.23.0
786 verbose rebuild bundle /home/paige/fallon_ss/node_modules/mime-types
787 info build /home/paige/fallon_ss/node_modules/mime-types
788 info preinstall mime-types@2.1.11
789 info linkStuff mime-types@2.1.11
790 silly linkStuff mime-types@2.1.11 has /home/paige/fallon_ss/node_modules as its parent node_modules
791 verbose linkBins mime-types@2.1.11
792 verbose linkMans mime-types@2.1.11
793 verbose rebuildBundles mime-types@2.1.11
794 info install mime-types@2.1.11
795 info postinstall mime-types@2.1.11
796 verbose rebuild bundle /home/paige/fallon_ss/node_modules/minimist
797 info build /home/paige/fallon_ss/node_modules/minimist
798 info preinstall minimist@0.0.8
799 info linkStuff minimist@0.0.8
800 silly linkStuff minimist@0.0.8 has /home/paige/fallon_ss/node_modules as its parent node_modules
801 verbose linkBins minimist@0.0.8
802 verbose linkMans minimist@0.0.8
803 verbose rebuildBundles minimist@0.0.8
804 info install minimist@0.0.8
805 info postinstall minimist@0.0.8
806 verbose rebuild bundle /home/paige/fallon_ss/node_modules/mkdirp
807 info build /home/paige/fallon_ss/node_modules/mkdirp
808 info preinstall mkdirp@0.5.1
809 info linkStuff mkdirp@0.5.1
810 silly linkStuff mkdirp@0.5.1 has /home/paige/fallon_ss/node_modules as its parent node_modules
811 verbose linkBins mkdirp@0.5.1
812 verbose link bins [ { mkdirp: 'bin/cmd.js' },
812 verbose link bins   '/home/paige/fallon_ss/node_modules/.bin',
812 verbose link bins   false ]
813 verbose linkMans mkdirp@0.5.1
814 verbose rebuildBundles mkdirp@0.5.1
815 silly gentlyRm /home/paige/fallon_ss/node_modules/.bin/mkdirp is being purged
816 verbose gentlyRm don't care about contents; nuking /home/paige/fallon_ss/node_modules/.bin/mkdirp
817 silly vacuum-fs purging /home/paige/fallon_ss/node_modules/.bin/mkdirp
818 silly vacuum-fs quitting because other entries in /home/paige/fallon_ss/node_modules/.bin
819 info install mkdirp@0.5.1
820 info postinstall mkdirp@0.5.1
821 verbose rebuild bundle /home/paige/fallon_ss/node_modules/ms
822 info build /home/paige/fallon_ss/node_modules/ms
823 info preinstall ms@0.7.1
824 info linkStuff ms@0.7.1
825 silly linkStuff ms@0.7.1 has /home/paige/fallon_ss/node_modules as its parent node_modules
826 verbose linkBins ms@0.7.1
827 verbose linkMans ms@0.7.1
828 verbose rebuildBundles ms@0.7.1
829 info install ms@0.7.1
830 info postinstall ms@0.7.1
831 verbose rebuild bundle /home/paige/fallon_ss/node_modules/negotiator
832 info build /home/paige/fallon_ss/node_modules/negotiator
833 info preinstall negotiator@0.5.3
834 info linkStuff negotiator@0.5.3
835 silly linkStuff negotiator@0.5.3 has /home/paige/fallon_ss/node_modules as its parent node_modules
836 verbose linkBins negotiator@0.5.3
837 verbose linkMans negotiator@0.5.3
838 verbose rebuildBundles negotiator@0.5.3
839 info install negotiator@0.5.3
840 info postinstall negotiator@0.5.3
841 verbose rebuild bundle /home/paige/fallon_ss/node_modules/object-assign
842 info build /home/paige/fallon_ss/node_modules/object-assign
843 info preinstall object-assign@4.1.0
844 info linkStuff object-assign@4.1.0
845 silly linkStuff object-assign@4.1.0 has /home/paige/fallon_ss/node_modules as its parent node_modules
846 verbose linkBins object-assign@4.1.0
847 verbose linkMans object-assign@4.1.0
848 verbose rebuildBundles object-assign@4.1.0
849 info install object-assign@4.1.0
850 info postinstall object-assign@4.1.0
851 verbose rebuild bundle /home/paige/fallon_ss/node_modules/on-finished
852 info build /home/paige/fallon_ss/node_modules/on-finished
853 info preinstall on-finished@2.3.0
854 info linkStuff on-finished@2.3.0
855 silly linkStuff on-finished@2.3.0 has /home/paige/fallon_ss/node_modules as its parent node_modules
856 verbose linkBins on-finished@2.3.0
857 verbose linkMans on-finished@2.3.0
858 verbose rebuildBundles on-finished@2.3.0
859 info install on-finished@2.3.0
860 info postinstall on-finished@2.3.0
861 verbose rebuild bundle /home/paige/fallon_ss/node_modules/optimist
862 info build /home/paige/fallon_ss/node_modules/optimist
863 info preinstall optimist@0.3.7
864 info linkStuff optimist@0.3.7
865 silly linkStuff optimist@0.3.7 has /home/paige/fallon_ss/node_modules as its parent node_modules
866 verbose linkBins optimist@0.3.7
867 verbose linkMans optimist@0.3.7
868 verbose rebuildBundles optimist@0.3.7
869 info install optimist@0.3.7
870 info postinstall optimist@0.3.7
871 verbose rebuild bundle /home/paige/fallon_ss/node_modules/parseurl
872 info build /home/paige/fallon_ss/node_modules/parseurl
873 info preinstall parseurl@1.3.1
874 info linkStuff parseurl@1.3.1
875 silly linkStuff parseurl@1.3.1 has /home/paige/fallon_ss/node_modules as its parent node_modules
876 verbose linkBins parseurl@1.3.1
877 verbose linkMans parseurl@1.3.1
878 verbose rebuildBundles parseurl@1.3.1
879 info install parseurl@1.3.1
880 info postinstall parseurl@1.3.1
881 verbose rebuild bundle /home/paige/fallon_ss/node_modules/path-to-regexp
882 info build /home/paige/fallon_ss/node_modules/path-to-regexp
883 info preinstall path-to-regexp@0.1.7
884 info linkStuff path-to-regexp@0.1.7
885 silly linkStuff path-to-regexp@0.1.7 has /home/paige/fallon_ss/node_modules as its parent node_modules
886 verbose linkBins path-to-regexp@0.1.7
887 verbose linkMans path-to-regexp@0.1.7
888 verbose rebuildBundles path-to-regexp@0.1.7
889 info install path-to-regexp@0.1.7
890 info postinstall path-to-regexp@0.1.7
891 verbose rebuild bundle /home/paige/fallon_ss/node_modules/promise
892 info build /home/paige/fallon_ss/node_modules/promise
893 info preinstall promise@6.1.0
894 info linkStuff promise@6.1.0
895 silly linkStuff promise@6.1.0 has /home/paige/fallon_ss/node_modules as its parent node_modules
896 verbose linkBins promise@6.1.0
897 verbose linkMans promise@6.1.0
898 verbose rebuildBundles promise@6.1.0
899 info install promise@6.1.0
900 info postinstall promise@6.1.0
901 verbose rebuild bundle /home/paige/fallon_ss/node_modules/proxy-addr
902 info build /home/paige/fallon_ss/node_modules/proxy-addr
903 info preinstall proxy-addr@1.0.10
904 info linkStuff proxy-addr@1.0.10
905 silly linkStuff proxy-addr@1.0.10 has /home/paige/fallon_ss/node_modules as its parent node_modules
906 verbose linkBins proxy-addr@1.0.10
907 verbose linkMans proxy-addr@1.0.10
908 verbose rebuildBundles proxy-addr@1.0.10
909 info install proxy-addr@1.0.10
910 info postinstall proxy-addr@1.0.10
911 verbose rebuild bundle /home/paige/fallon_ss/node_modules/pug
912 info build /home/paige/fallon_ss/node_modules/pug
913 info preinstall pug@2.0.0-alpha6
914 info linkStuff pug@2.0.0-alpha6
915 silly linkStuff pug@2.0.0-alpha6 has /home/paige/fallon_ss/node_modules as its parent node_modules
916 verbose linkBins pug@2.0.0-alpha6
917 verbose linkMans pug@2.0.0-alpha6
918 verbose rebuildBundles pug@2.0.0-alpha6
919 info install pug@2.0.0-alpha6
920 info postinstall pug@2.0.0-alpha6
921 verbose rebuild bundle /home/paige/fallon_ss/node_modules/pug-attrs
922 info build /home/paige/fallon_ss/node_modules/pug-attrs
923 info preinstall pug-attrs@2.0.1
924 info linkStuff pug-attrs@2.0.1
925 silly linkStuff pug-attrs@2.0.1 has /home/paige/fallon_ss/node_modules as its parent node_modules
926 verbose linkBins pug-attrs@2.0.1
927 verbose linkMans pug-attrs@2.0.1
928 verbose rebuildBundles pug-attrs@2.0.1
929 info install pug-attrs@2.0.1
930 info postinstall pug-attrs@2.0.1
931 verbose rebuild bundle /home/paige/fallon_ss/node_modules/pug-code-gen
932 info build /home/paige/fallon_ss/node_modules/pug-code-gen
933 info preinstall pug-code-gen@0.0.7
934 info linkStuff pug-code-gen@0.0.7
935 silly linkStuff pug-code-gen@0.0.7 has /home/paige/fallon_ss/node_modules as its parent node_modules
936 verbose linkBins pug-code-gen@0.0.7
937 verbose linkMans pug-code-gen@0.0.7
938 verbose rebuildBundles pug-code-gen@0.0.7
939 verbose rebuildBundles [ '.bin', 'acorn', 'with' ]
940 verbose rebuild bundle /home/paige/fallon_ss/node_modules/pug-code-gen/node_modules/acorn
941 info build /home/paige/fallon_ss/node_modules/pug-code-gen/node_modules/acorn
942 info preinstall acorn@1.2.2
943 info linkStuff acorn@1.2.2
944 silly linkStuff acorn@1.2.2 has /home/paige/fallon_ss/node_modules/pug-code-gen/node_modules as its parent node_modules
945 verbose linkBins acorn@1.2.2
946 verbose link bins [ { acorn: './bin/acorn' },
946 verbose link bins   '/home/paige/fallon_ss/node_modules/pug-code-gen/node_modules/.bin',
946 verbose link bins   false ]
947 verbose linkMans acorn@1.2.2
948 verbose rebuildBundles acorn@1.2.2
949 silly gentlyRm /home/paige/fallon_ss/node_modules/pug-code-gen/node_modules/.bin/acorn is being purged
950 verbose gentlyRm don't care about contents; nuking /home/paige/fallon_ss/node_modules/pug-code-gen/node_modules/.bin/acorn
951 silly vacuum-fs purging /home/paige/fallon_ss/node_modules/pug-code-gen/node_modules/.bin/acorn
952 verbose stack Error: EACCES: permission denied, unlink '/home/paige/fallon_ss/node_modules/pug-code-gen/node_modules/.bin/acorn'
952 verbose stack     at Error (native)
953 verbose cwd /home/paige/fallon_ss
954 error Linux 3.13.0-24-generic
955 error argv "/usr/local/bin/node" "/usr/local/bin/npm" "install"
956 error node v4.4.4
957 error npm  v2.15.1
958 error path /home/paige/fallon_ss/node_modules/pug-code-gen/node_modules/.bin/acorn
959 error code EACCES
960 error errno -13
961 error syscall unlink
962 error Error: EACCES: permission denied, unlink '/home/paige/fallon_ss/node_modules/pug-code-gen/node_modules/.bin/acorn'
962 error     at Error (native)
962 error  { [Error: EACCES: permission denied, unlink '/home/paige/fallon_ss/node_modules/pug-code-gen/node_modules/.bin/acorn']
962 error   errno: -13,
962 error   code: 'EACCES',
962 error   syscall: 'unlink',
962 error   path: '/home/paige/fallon_ss/node_modules/pug-code-gen/node_modules/.bin/acorn' }
963 error Please try running this command again as root/Administrator.
964 verbose exit [ -13, true ]
